security/build/app/outputs/mapping/release/mapping.txt
# compiler: R8
# compiler_version: 1.5.64
# min_api: 16
# pg_map_id: 48074df
com.example.chatting.MainActivity -> com.example.chatting.MainActivity:
    void configureFlutterEngine(io.flutter.embedding.engine.FlutterEngine) -> b
...
com.google.android.gms.internal.measurement.zzmp -> b.a.a.a.e.f.yb:
    boolean zza() -> f
com.google.android.gms.internal.measurement.zzmq -> b.a.a.a.e.f.zb:
    boolean zza() -> f
com.google.android.gms.internal.measurement.zzmr -> b.a.a.a.e.f.ac:
    com.google.android.gms.internal.measurement.zzmr zza -> b
    com.google.android.gms.internal.measurement.zzdb zzb -> a
    boolean zzb() -> a
    java.lang.Object zza() -> f
com.google.android.gms.internal.measurement.zzms -> b.a.a.a.e.f.bc:
    com.google.android.gms.internal.measurement.zzms zza -> b
    com.google.android.gms.internal.measurement.zzdb zzb -> a
    boolean zzb() -> a
    boolean zzc() -> b
    boolean zzd() -> c
    boolean zze() -> d
    boolean zzf() -> e
    java.lang.Object zza() -> f
    boolean zzg() -> g
    boolean zzh() -> h
    boolean zzi() -> i
    boolean zzj() -> j
com.google.android.gms.internal.measurement.zzmt -> b.a.a.a.e.f.cc:
    com.google.android.gms.internal.measurement.zzcn zza -> a
    boolean zza() -> f
com.google.android.gms.internal.measurement.zzmu -> b.a.a.a.e.f.dc:
    com.google.android.gms.internal.measurement.zzcn zzi -> h
    com.google.android.gms.internal.measurement.zzcn zzh -> g
    com.google.android.gms.internal.measurement.zzcn zzb -> b
    com.google.android.gms.internal.measurement.zzcn zza -> a
    com.google.android.gms.internal.measurement.zzcn zzd -> d
    com.google.android.gms.internal.measurement.zzcn zzc -> c
    com.google.android.gms.internal.measurement.zzcn zzf -> f
    com.google.android.gms.internal.measurement.zzcn zze -> e
    boolean zzf() -> b
    boolean zza() -> f
    boolean zzb() -> g
    boolean zzd() -> h
    boolean zzc() -> i
    boolean zzh() -> k
    boolean zzg() -> l
    boolean zzi() -> m
    boolean zze() -> p
com.google.android.gms.internal.measurement.zzmv -> b.a.a.a.e.f.ec:
    boolean zzf() -> b
    boolean zza() -> f
    boolean zzb() -> g
    boolean zzd() -> h
    boolean zzc() -> i
    boolean zzh() -> k
    boolean zzg() -> l
    boolean zzi() -> m
    boolean zze() -> p
com.google.android.gms.internal.measurement.zzmw -> b.a.a.a.e.f.fc:
    boolean zza() -> f
    boolean zzb() -> g
    boolean zzc() -> i
com.google.android.gms.internal.measurement.zzmx -> b.a.a.a.e.f.gc:
    com.google.android.gms.internal.measurement.zzdb zzb -> a
    com.google.android.gms.internal.measurement.zzmx zza -> b
    boolean zzb() -> a
    boolean zzc() -> b
    boolean zzd() -> c
    java.lang.Object zza() -> f
com.google.android.gms.internal.measurement.zzmy -> b.a.a.a.e.f.hc:
    com.google.android.gms.internal.measurement.zzdb zzb -> a
    com.google.android.gms.internal.measurement.zzmy zza -> b
    boolean zzb() -> a
    boolean zzc() -> b
    boolean zzd() -> c
    java.lang.Object zza() -> f
com.google.android.gms.internal.measurement.zzmz -> b.a.a.a.e.f.ic:
    com.google.android.gms.internal.measurement.zzcn zzb -> b
    com.google.android.gms.internal.measurement.zzcn zza -> a
    com.google.android.gms.internal.measurement.zzcn zzc -> c
    boolean zza() -> f
    boolean zzb() -> g
    boolean zzc() -> i
com.google.android.gms.internal.measurement.zzn -> b.a.a.a.e.f.jc:
    void zza(android.os.Bundle) -> a
com.google.android.gms.internal.measurement.zzna -> b.a.a.a.e.f.kc:
    com.google.android.gms.internal.measurement.zzcn zzc -> b
    com.google.android.gms.internal.measurement.zzcn zza -> a
    com.google.android.gms.internal.measurement.zzcn zzd -> c
    boolean zza() -> f
    boolean zzb() -> g
    boolean zzc() -> i
com.google.android.gms.internal.measurement.zznb -> b.a.a.a.e.f.lc:
    boolean zza() -> f
    boolean zzb() -> g
    boolean zzc() -> i
com.google.android.gms.internal.measurement.zznc -> b.a.a.a.e.f.mc:
    boolean zza() -> f
    boolean zzb() -> g